n = 1023
--- Cache info ---
Cache size : 6291456
Cache ways : 12
Cache line size : 64
Cache sets count : 8192
Offset size : 6
Index size : 13
Tag size : 13
Critical stride : 524288
timeSimple: 147.60956
--- Cache state ---
Cache touches : 7496287227
Cache hits : 7495925590
Cache misses : 361637
Cache miss ratio : 0.00005
n = 1024
--- Cache info ---
Cache size : 6291456
Cache ways : 12
Cache line size : 64
Cache sets count : 8192
Offset size : 6
Index size : 13
Tag size : 13
Critical stride : 524288
timeSimple: 128.36276
--- Cache state ---
Cache touches : 7518289920
Cache hits : 7517897889
Cache misses : 392031
Cache miss ratio : 0.00005
n = 1025
--- Cache info ---
Cache size : 6291456
Cache ways : 12
Cache line size : 64
Cache sets count : 8192
Offset size : 6
Index size : 13
Tag size : 13
Critical stride : 524288
timeSimple: 138.83402
--- Cache state ---
Cache touches : 7540335625
Cache hits : 7539969169
Cache misses : 366456
Cache miss ratio : 0.00005
n = 1040
--- Cache info ---
Cache size : 6291456
Cache ways : 12
Cache line size : 64
Cache sets count : 8192
Offset size : 6
Index size : 13
Tag size : 13
Critical stride : 524288
timeSimple: 143.33990
--- Cache state ---
Cache touches : 7876211200
Cache hits : 7875811877
Cache misses : 399323
Cache miss ratio : 0.00005
n = 1041
--- Cache info ---
Cache size : 6291456
Cache ways : 12
Cache line size : 64
Cache sets count : 8192
Offset size : 6
Index size : 13
Tag size : 13
Critical stride : 524288
timeSimple: 171.66983
--- Cache state ---
Cache touches : 7898950809
Cache hits : 7898548892
Cache misses : 401917
Cache miss ratio : 0.00005
n = 1050
--- Cache info ---
Cache size : 6291456
Cache ways : 12
Cache line size : 64
Cache sets count : 8192
Offset size : 6
Index size : 13
Tag size : 13
Critical stride : 524288
timeSimple: 156.46418
--- Cache state ---
Cache touches : 8105580000
Cache hits : 8105155326
Cache misses : 424674
Cache miss ratio : 0.00005
n = 1100
--- Cache info ---
Cache size : 6291456
Cache ways : 12
Cache line size : 64
Cache sets count : 8192
Offset size : 6
Index size : 13
Tag size : 13
Critical stride : 524288
timeSimple: 184.12384
--- Cache state ---
Cache touches : 9319420000
Cache hits : 9318849528
Cache misses : 570472
Cache miss ratio : 0.00006
