n = 1023
--- Cache info ---
Cache size : 3145728
Cache ways : 12
Cache line size : 64
Cache sets count : 4096
Offset size : 6
Index size : 12
Tag size : 14
Critical stride : 262144
timeSimple: 160.30892
--- Cache state ---
Cache touches : 7496287227
Cache hits : 7464847001
Cache misses : 31440226
Cache miss ratio : 0.00419
n = 1024
--- Cache info ---
Cache size : 3145728
Cache ways : 12
Cache line size : 64
Cache sets count : 4096
Offset size : 6
Index size : 12
Tag size : 14
Critical stride : 262144
timeSimple: 142.49059
--- Cache state ---
Cache touches : 7518289920
Cache hits : 7015995340
Cache misses : 502294580
Cache miss ratio : 0.06681
n = 1025
--- Cache info ---
Cache size : 3145728
Cache ways : 12
Cache line size : 64
Cache sets count : 4096
Offset size : 6
Index size : 12
Tag size : 14
Critical stride : 262144
timeSimple: 139.84501
--- Cache state ---
Cache touches : 7540335625
Cache hits : 7508366067
Cache misses : 31969558
Cache miss ratio : 0.00424
n = 1040
--- Cache info ---
Cache size : 3145728
Cache ways : 12
Cache line size : 64
Cache sets count : 4096
Offset size : 6
Index size : 12
Tag size : 14
Critical stride : 262144
timeSimple: 130.85531
--- Cache state ---
Cache touches : 7876211200
Cache hits : 7840491604
Cache misses : 35719596
Cache miss ratio : 0.00454
n = 1041
--- Cache info ---
Cache size : 3145728
Cache ways : 12
Cache line size : 64
Cache sets count : 4096
Offset size : 6
Index size : 12
Tag size : 14
Critical stride : 262144
timeSimple: 138.79102
--- Cache state ---
Cache touches : 7898950809
Cache hits : 7862963844
Cache misses : 35986965
Cache miss ratio : 0.00456
n = 1050
--- Cache info ---
Cache size : 3145728
Cache ways : 12
Cache line size : 64
Cache sets count : 4096
Offset size : 6
Index size : 12
Tag size : 14
Critical stride : 262144
timeSimple: 143.85741
--- Cache state ---
Cache touches : 8105580000
Cache hits : 8067250383
Cache misses : 38329617
Cache miss ratio : 0.00473
n = 1100
--- Cache info ---
Cache size : 3145728
Cache ways : 12
Cache line size : 64
Cache sets count : 4096
Offset size : 6
Index size : 12
Tag size : 14
Critical stride : 262144
timeSimple: 207.88521
--- Cache state ---
Cache touches : 9319420000
Cache hits : 9267576254
Cache misses : 51843746
Cache miss ratio : 0.00556
