==8023== Cachegrind, a cache and branch-prediction profiler
==8023== Copyright (C) 2002-2013, and GNU GPL'd, by Nicholas Nethercote et al.
==8023== Using Valgrind-3.10.1 and LibVEX; rerun with -h for copyright info
==8023== Command: ./cache 1023
==8023== 
--8023-- warning: L3 cache found, using its data for the LL simulation.
n = 1023
timeSimple: 252.457
==8023== 
==8023== I   refs:      50,117,665,585
==8023== I1  misses:             1,694
==8023== LLi misses:             1,679
==8023== I1  miss rate:           0.00%
==8023== LLi miss rate:           0.00%
==8023== 
==8023== D   refs:      25,151,735,954  (23,854,955,614 rd   + 1,296,780,340 wr)
==8023== D1  misses:     1,138,782,504  ( 1,138,584,580 rd   +       197,924 wr)
==8023== LLd misses:        67,164,065  (    66,966,553 rd   +       197,512 wr)
==8023== D1  miss rate:            4.5% (           4.7%     +           0.0%  )
==8023== LLd miss rate:            0.2% (           0.2%     +           0.0%  )
==8023== 
==8023== LL refs:        1,138,784,198  ( 1,138,586,274 rd   +       197,924 wr)
==8023== LL misses:         67,165,744  (    66,968,232 rd   +       197,512 wr)
==8023== LL miss rate:             0.0% (           0.0%     +           0.0%  )
==8444== Cachegrind, a cache and branch-prediction profiler
==8444== Copyright (C) 2002-2013, and GNU GPL'd, by Nicholas Nethercote et al.
==8444== Using Valgrind-3.10.1 and LibVEX; rerun with -h for copyright info
==8444== Command: ./cache 1024
==8444== 
--8444-- warning: L3 cache found, using its data for the LL simulation.
n = 1024
timeSimple: 223.083
==8444== 
==8444== I   refs:      50,263,926,871
==8444== I1  misses:             1,696
==8444== LLi misses:             1,681
==8444== I1  miss rate:           0.00%
==8444== LLi miss rate:           0.00%
==8444== 
==8444== D   refs:      25,225,048,780  (23,924,683,630 rd   + 1,300,365,150 wr)
==8444== D1  misses:     1,075,159,056  ( 1,074,960,748 rd   +       198,308 wr)
==8444== LLd misses:     1,075,062,536  ( 1,074,864,640 rd   +       197,896 wr)
==8444== D1  miss rate:            4.2% (           4.4%     +           0.0%  )
==8444== LLd miss rate:            4.2% (           4.4%     +           0.0%  )
==8444== 
==8444== LL refs:        1,075,160,752  ( 1,074,962,444 rd   +       198,308 wr)
==8444== LL misses:      1,075,064,217  ( 1,074,866,321 rd   +       197,896 wr)
==8444== LL miss rate:             1.4% (           1.4%     +           0.0%  )
==8578== Cachegrind, a cache and branch-prediction profiler
==8578== Copyright (C) 2002-2013, and GNU GPL'd, by Nicholas Nethercote et al.
==8578== Using Valgrind-3.10.1 and LibVEX; rerun with -h for copyright info
==8578== Command: ./cache 1025
==8578== 
--8578-- warning: L3 cache found, using its data for the LL simulation.
n = 1025
timeSimple: 210.662
==8578== 
==8578== I   refs:      50,410,472,395
==8578== I1  misses:             1,696
==8578== LLi misses:             1,681
==8578== I1  miss rate:           0.00%
==8578== LLi miss rate:           0.00%
==8578== 
==8578== D   refs:      25,298,503,906  (23,994,547,371 rd   + 1,303,956,535 wr)
==8578== D1  misses:     1,145,603,180  ( 1,145,404,488 rd   +       198,692 wr)
==8578== LLd misses:        67,541,676  (    67,343,396 rd   +       198,280 wr)
==8578== D1  miss rate:            4.5% (           4.7%     +           0.0%  )
==8578== LLd miss rate:            0.2% (           0.2%     +           0.0%  )
==8578== 
==8578== LL refs:        1,145,604,876  ( 1,145,406,184 rd   +       198,692 wr)
==8578== LL misses:         67,543,357  (    67,345,077 rd   +       198,280 wr)
==8578== LL miss rate:             0.0% (           0.0%     +           0.0%  )
==8725== Cachegrind, a cache and branch-prediction profiler
==8725== Copyright (C) 2002-2013, and GNU GPL'd, by Nicholas Nethercote et al.
==8725== Using Valgrind-3.10.1 and LibVEX; rerun with -h for copyright info
==8725== Command: ./cache 1040
==8725== 
--8725-- warning: L3 cache found, using its data for the LL simulation.
n = 1040
timeSimple: 208.865
==8725== 
==8725== I   refs:      52,642,957,269
==8725== I1  misses:             1,694
==8725== LLi misses:             1,679
==8725== I1  miss rate:           0.00%
==8725== LLi miss rate:           0.00%
==8725== 
==8725== D   refs:      26,417,503,191  (25,058,882,637 rd   + 1,358,620,554 wr)
==8725== D1  misses:     1,197,545,264  ( 1,197,340,764 rd   +       204,500 wr)
==8725== LLd misses:        70,579,505  (    70,375,417 rd   +       204,088 wr)
==8725== D1  miss rate:            4.5% (           4.7%     +           0.0%  )
==8725== LLd miss rate:            0.2% (           0.2%     +           0.0%  )
==8725== 
==8725== LL refs:        1,197,546,958  ( 1,197,342,458 rd   +       204,500 wr)
==8725== LL misses:         70,581,184  (    70,377,096 rd   +       204,088 wr)
==8725== LL miss rate:             0.0% (           0.0%     +           0.0%  )
==8796== Cachegrind, a cache and branch-prediction profiler
==8796== Copyright (C) 2002-2013, and GNU GPL'd, by Nicholas Nethercote et al.
==8796== Using Valgrind-3.10.1 and LibVEX; rerun with -h for copyright info
==8796== Command: ./cache 1041
==8796== 
--8796-- warning: L3 cache found, using its data for the LL simulation.
n = 1041
timeSimple: 214.332
==8796== 
==8796== I   refs:      52,794,088,915
==8796== I1  misses:             1,694
==8796== LLi misses:             1,679
==8796== I1  miss rate:           0.00%
==8796== LLi miss rate:           0.00%
==8796== 
==8796== D   refs:      26,493,254,228  (25,130,936,248 rd   + 1,362,317,980 wr)
==8796== D1  misses:     1,200,933,066  ( 1,200,728,176 rd   +       204,890 wr)
==8796== LLd misses:        70,748,981  (    70,544,503 rd   +       204,478 wr)
==8796== D1  miss rate:            4.5% (           4.7%     +           0.0%  )
==8796== LLd miss rate:            0.2% (           0.2%     +           0.0%  )
==8796== 
==8796== LL refs:        1,200,934,760  ( 1,200,729,870 rd   +       204,890 wr)
==8796== LL misses:         70,750,660  (    70,546,182 rd   +       204,478 wr)
==8796== LL miss rate:             0.0% (           0.0%     +           0.0%  )
==8829== Cachegrind, a cache and branch-prediction profiler
==8829== Copyright (C) 2002-2013, and GNU GPL'd, by Nicholas Nethercote et al.
==8829== Using Valgrind-3.10.1 and LibVEX; rerun with -h for copyright info
==8829== Command: ./cache 1050
==8829== 
--8829-- warning: L3 cache found, using its data for the LL simulation.
n = 1050
timeSimple: 230.539
==8829== 
==8829== I   refs:      54,167,310,549
==8829== I1  misses:             1,694
==8829== LLi misses:             1,679
==8829== I1  miss rate:           0.00%
==8829== LLi miss rate:           0.00%
==8829== 
==8829== D   refs:      27,181,539,977  (25,785,643,990 rd   + 1,395,895,987 wr)
==8829== D1  misses:     1,232,261,853  ( 1,232,053,435 rd   +       208,418 wr)
==8829== LLd misses:        72,611,028  (    72,403,022 rd   +       208,006 wr)
==8829== D1  miss rate:            4.5% (           4.7%     +           0.0%  )
==8829== LLd miss rate:            0.2% (           0.2%     +           0.0%  )
==8829== 
==8829== LL refs:        1,232,263,547  ( 1,232,055,129 rd   +       208,418 wr)
==8829== LL misses:         72,612,707  (    72,404,701 rd   +       208,006 wr)
==8829== LL miss rate:             0.0% (           0.0%     +           0.0%  )
==9086== Cachegrind, a cache and branch-prediction profiler
==9086== Copyright (C) 2002-2013, and GNU GPL'd, by Nicholas Nethercote et al.
==9086== Using Valgrind-3.10.1 and LibVEX; rerun with -h for copyright info
==9086== Command: ./cache 1100
==9086== 
--9086-- warning: L3 cache found, using its data for the LL simulation.
n = 1100
timeSimple: 313.893
==9086== 
==9086== I   refs:      62,231,786,943
==9086== I1  misses:             1,696
==9086== LLi misses:             1,681
==9086== I1  miss rate:           0.00%
==9086== LLi miss rate:           0.00%
==9086== 
==9086== D   refs:      31,223,345,893  (29,630,854,752 rd   + 1,592,491,141 wr)
==9086== D1  misses:     1,416,543,354  ( 1,416,314,779 rd   +       228,575 wr)
==9086== LLd misses:        83,478,439  (    83,250,276 rd   +       228,163 wr)
==9086== D1  miss rate:            4.5% (           4.7%     +           0.0%  )
==9086== LLd miss rate:            0.2% (           0.2%     +           0.0%  )
==9086== 
==9086== LL refs:        1,416,545,050  ( 1,416,316,475 rd   +       228,575 wr)
==9086== LL misses:         83,480,120  (    83,251,957 rd   +       228,163 wr)
==9086== LL miss rate:             0.0% (           0.0%     +           0.0%  )
