==10046== Cachegrind, a cache and branch-prediction profiler
==10046== Copyright (C) 2002-2013, and GNU GPL'd, by Nicholas Nethercote et al.
==10046== Using Valgrind-3.10.1 and LibVEX; rerun with -h for copyright info
==10046== Command: ./cache 1023
==10046== 
--10046-- warning: L3 cache found, using its data for the LL simulation.
n = 1023
timeSimple: 227.437
==10046== 
==10046== I   refs:      50,117,665,585
==10046== I1  misses:             1,694
==10046== LLi misses:             1,679
==10046== I1  miss rate:           0.00%
==10046== LLi miss rate:           0.00%
==10046== 
==10046== D   refs:      25,151,735,954  (23,854,955,614 rd   + 1,296,780,340 wr)
==10046== D1  misses:     1,138,782,504  ( 1,138,584,580 rd   +       197,924 wr)
==10046== LLd misses:           269,557  (        72,047 rd   +       197,510 wr)
==10046== D1  miss rate:            4.5% (           4.7%     +           0.0%  )
==10046== LLd miss rate:            0.0% (           0.0%     +           0.0%  )
==10046== 
==10046== LL refs:        1,138,784,198  ( 1,138,586,274 rd   +       197,924 wr)
==10046== LL misses:            271,236  (        73,726 rd   +       197,510 wr)
==10046== LL miss rate:             0.0% (           0.0%     +           0.0%  )
==10179== Cachegrind, a cache and branch-prediction profiler
==10179== Copyright (C) 2002-2013, and GNU GPL'd, by Nicholas Nethercote et al.
==10179== Using Valgrind-3.10.1 and LibVEX; rerun with -h for copyright info
==10179== Command: ./cache 1024
==10179== 
--10179-- warning: L3 cache found, using its data for the LL simulation.
n = 1024
timeSimple: 241.048
==10179== 
==10179== I   refs:      50,263,926,864
==10179== I1  misses:             1,696
==10179== LLi misses:             1,681
==10179== I1  miss rate:           0.00%
==10179== LLi miss rate:           0.00%
==10179== 
==10179== D   refs:      25,225,048,776  (23,924,683,629 rd   + 1,300,365,147 wr)
==10179== D1  misses:     1,075,159,056  ( 1,074,960,748 rd   +       198,308 wr)
==10179== LLd misses:           270,069  (        72,175 rd   +       197,894 wr)
==10179== D1  miss rate:            4.2% (           4.4%     +           0.0%  )
==10179== LLd miss rate:            0.0% (           0.0%     +           0.0%  )
==10179== 
==10179== LL refs:        1,075,160,752  ( 1,074,962,444 rd   +       198,308 wr)
==10179== LL misses:            271,750  (        73,856 rd   +       197,894 wr)
==10179== LL miss rate:             0.0% (           0.0%     +           0.0%  )
==10315== Cachegrind, a cache and branch-prediction profiler
==10315== Copyright (C) 2002-2013, and GNU GPL'd, by Nicholas Nethercote et al.
==10315== Using Valgrind-3.10.1 and LibVEX; rerun with -h for copyright info
==10315== Command: ./cache 1025
==10315== 
--10315-- warning: L3 cache found, using its data for the LL simulation.
n = 1025
timeSimple: 213.702
==10315== 
==10315== I   refs:      50,410,472,411
==10315== I1  misses:             1,696
==10315== LLi misses:             1,681
==10315== I1  miss rate:           0.00%
==10315== LLi miss rate:           0.00%
==10315== 
==10315== D   refs:      25,298,503,915  (23,994,547,377 rd   + 1,303,956,538 wr)
==10315== D1  misses:     1,145,603,180  ( 1,145,404,488 rd   +       198,692 wr)
==10315== LLd misses:           270,581  (        72,303 rd   +       198,278 wr)
==10315== D1  miss rate:            4.5% (           4.7%     +           0.0%  )
==10315== LLd miss rate:            0.0% (           0.0%     +           0.0%  )
==10315== 
==10315== LL refs:        1,145,604,876  ( 1,145,406,184 rd   +       198,692 wr)
==10315== LL misses:            272,262  (        73,984 rd   +       198,278 wr)
==10315== LL miss rate:             0.0% (           0.0%     +           0.0%  )
==10412== Cachegrind, a cache and branch-prediction profiler
==10412== Copyright (C) 2002-2013, and GNU GPL'd, by Nicholas Nethercote et al.
==10412== Using Valgrind-3.10.1 and LibVEX; rerun with -h for copyright info
==10412== Command: ./cache 1040
==10412== 
--10412-- warning: L3 cache found, using its data for the LL simulation.
n = 1040
timeSimple: 224.935
==10412== 
==10412== I   refs:      52,642,957,323
==10412== I1  misses:             1,696
==10412== LLi misses:             1,681
==10412== I1  miss rate:           0.00%
==10412== LLi miss rate:           0.00%
==10412== 
==10412== D   refs:      26,417,503,213  (25,058,882,652 rd   + 1,358,620,561 wr)
==10412== D1  misses:     1,197,545,264  ( 1,197,340,764 rd   +       204,500 wr)
==10412== LLd misses:           278,325  (        74,239 rd   +       204,086 wr)
==10412== D1  miss rate:            4.5% (           4.7%     +           0.0%  )
==10412== LLd miss rate:            0.0% (           0.0%     +           0.0%  )
==10412== 
==10412== LL refs:        1,197,546,960  ( 1,197,342,460 rd   +       204,500 wr)
==10412== LL misses:            280,006  (        75,920 rd   +       204,086 wr)
==10412== LL miss rate:             0.0% (           0.0%     +           0.0%  )
==10560== Cachegrind, a cache and branch-prediction profiler
==10560== Copyright (C) 2002-2013, and GNU GPL'd, by Nicholas Nethercote et al.
==10560== Using Valgrind-3.10.1 and LibVEX; rerun with -h for copyright info
==10560== Command: ./cache 1041
==10560== 
--10560-- warning: L3 cache found, using its data for the LL simulation.
n = 1041
timeSimple: 256.63
==10560== 
==10560== I   refs:      52,794,088,933
==10560== I1  misses:             1,696
==10560== LLi misses:             1,681
==10560== I1  miss rate:           0.00%
==10560== LLi miss rate:           0.00%
==10560== 
==10560== D   refs:      26,493,254,232  (25,130,936,253 rd   + 1,362,317,979 wr)
==10560== D1  misses:     1,200,933,066  ( 1,200,728,176 rd   +       204,890 wr)
==10560== LLd misses:           278,845  (        74,369 rd   +       204,476 wr)
==10560== D1  miss rate:            4.5% (           4.7%     +           0.0%  )
==10560== LLd miss rate:            0.0% (           0.0%     +           0.0%  )
==10560== 
==10560== LL refs:        1,200,934,762  ( 1,200,729,872 rd   +       204,890 wr)
==10560== LL misses:            280,526  (        76,050 rd   +       204,476 wr)
==10560== LL miss rate:             0.0% (           0.0%     +           0.0%  )
==10693== Cachegrind, a cache and branch-prediction profiler
==10693== Copyright (C) 2002-2013, and GNU GPL'd, by Nicholas Nethercote et al.
==10693== Using Valgrind-3.10.1 and LibVEX; rerun with -h for copyright info
==10693== Command: ./cache 1050
==10693== 
--10693-- warning: L3 cache found, using its data for the LL simulation.
n = 1050
timeSimple: 240.661
==10693== 
==10693== I   refs:      54,167,310,535
==10693== I1  misses:             1,694
==10693== LLi misses:             1,679
==10693== I1  miss rate:           0.00%
==10693== LLi miss rate:           0.00%
==10693== 
==10693== D   refs:      27,181,539,969  (25,785,643,988 rd   + 1,395,895,981 wr)
==10693== D1  misses:     1,232,261,853  ( 1,232,053,435 rd   +       208,418 wr)
==10693== LLd misses:           283,549  (        75,545 rd   +       208,004 wr)
==10693== D1  miss rate:            4.5% (           4.7%     +           0.0%  )
==10693== LLd miss rate:            0.0% (           0.0%     +           0.0%  )
==10693== 
==10693== LL refs:        1,232,263,547  ( 1,232,055,129 rd   +       208,418 wr)
==10693== LL misses:            285,228  (        77,224 rd   +       208,004 wr)
==10693== LL miss rate:             0.0% (           0.0%     +           0.0%  )
==10740== Cachegrind, a cache and branch-prediction profiler
==10740== Copyright (C) 2002-2013, and GNU GPL'd, by Nicholas Nethercote et al.
==10740== Using Valgrind-3.10.1 and LibVEX; rerun with -h for copyright info
==10740== Command: ./cache 1100
==10740== 
--10740-- warning: L3 cache found, using its data for the LL simulation.
n = 1100
timeSimple: 282.212
==10740== 
==10740== I   refs:      62,231,786,936
==10740== I1  misses:             1,696
==10740== LLi misses:             1,681
==10740== I1  miss rate:           0.00%
==10740== LLi miss rate:           0.00%
==10740== 
==10740== D   refs:      31,223,345,889  (29,630,854,751 rd   + 1,592,491,138 wr)
==10740== D1  misses:     1,416,543,354  ( 1,416,314,779 rd   +       228,575 wr)
==10740== LLd misses:           310,425  (        82,264 rd   +       228,161 wr)
==10740== D1  miss rate:            4.5% (           4.7%     +           0.0%  )
==10740== LLd miss rate:            0.0% (           0.0%     +           0.0%  )
==10740== 
==10740== LL refs:        1,416,545,050  ( 1,416,316,475 rd   +       228,575 wr)
==10740== LL misses:            312,106  (        83,945 rd   +       228,161 wr)
==10740== LL miss rate:             0.0% (           0.0%     +           0.0%  )
==10787== Cachegrind, a cache and branch-prediction profiler
==10787== Copyright (C) 2002-2013, and GNU GPL'd, by Nicholas Nethercote et al.
==10787== Using Valgrind-3.10.1 and LibVEX; rerun with -h for copyright info
==10787== Command: ./cache 1279
==10787== 
--10787-- warning: L3 cache found, using its data for the LL simulation.
n = 1279
timeSimple: 443.179
==10787== 
==10787== I   refs:      97,602,309,200
==10787== I1  misses:             1,696
==10787== LLi misses:             1,681
==10787== I1  miss rate:           0.00%
==10787== LLi miss rate:           0.00%
==10787== 
==10787== D   refs:      48,946,507,676  (46,500,793,703 rd   + 2,445,713,973 wr)
==10787== D1  misses:     2,226,492,786  ( 2,226,184,366 rd   +       308,420 wr)
==10787== LLd misses:        67,790,237  (    67,482,229 rd   +       308,008 wr)
==10787== D1  miss rate:            4.5% (           4.7%     +           0.0%  )
==10787== LLd miss rate:            0.1% (           0.1%     +           0.0%  )
==10787== 
==10787== LL refs:        2,226,494,482  ( 2,226,186,062 rd   +       308,420 wr)
==10787== LL misses:         67,791,918  (    67,483,910 rd   +       308,008 wr)
==10787== LL miss rate:             0.0% (           0.0%     +           0.0%  )
==10894== Cachegrind, a cache and branch-prediction profiler
==10894== Copyright (C) 2002-2013, and GNU GPL'd, by Nicholas Nethercote et al.
==10894== Using Valgrind-3.10.1 and LibVEX; rerun with -h for copyright info
==10894== Command: ./cache 1280
==10894== 
--10894-- warning: L3 cache found, using its data for the LL simulation.
n = 1280
timeSimple: 440.442
==10894== 
==10894== I   refs:      97,830,355,759
==10894== I1  misses:             1,694
==10894== LLi misses:             1,679
==10894== I1  miss rate:           0.00%
==10894== LLi miss rate:           0.00%
==10894== 
==10894== D   refs:      49,060,758,717  (46,609,580,640 rd   + 2,451,178,077 wr)
==10894== D1  misses:     2,106,450,064  ( 2,106,141,164 rd   +       308,900 wr)
==10894== LLd misses:        70,438,210  (    70,129,722 rd   +       308,488 wr)
==10894== D1  miss rate:            4.2% (           4.5%     +           0.0%  )
==10894== LLd miss rate:            0.1% (           0.1%     +           0.0%  )
==10894== 
==10894== LL refs:        2,106,451,758  ( 2,106,142,858 rd   +       308,900 wr)
==10894== LL misses:         70,439,889  (    70,131,401 rd   +       308,488 wr)
==10894== LL miss rate:             0.0% (           0.0%     +           0.0%  )
==11020== Cachegrind, a cache and branch-prediction profiler
==11020== Copyright (C) 2002-2013, and GNU GPL'd, by Nicholas Nethercote et al.
==11020== Using Valgrind-3.10.1 and LibVEX; rerun with -h for copyright info
==11020== Command: ./cache 1281
==11020== 
--11020-- warning: L3 cache found, using its data for the LL simulation.
n = 1281
timeSimple: 464.107
==11020== 
==11020== I   refs:      98,058,757,335
==11020== I1  misses:             1,696
==11020== LLi misses:             1,681
==11020== I1  miss rate:           0.00%
==11020== LLi miss rate:           0.00%
==11020== 
==11020== D   refs:      49,175,187,433  (46,718,537,138 rd   + 2,456,650,295 wr)
==11020== D1  misses:     2,236,948,626  ( 2,236,639,246 rd   +       309,380 wr)
==11020== LLd misses:        73,085,064  (    72,776,096 rd   +       308,968 wr)
==11020== D1  miss rate:            4.5% (           4.7%     +           0.0%  )
==11020== LLd miss rate:            0.1% (           0.1%     +           0.0%  )
==11020== 
==11020== LL refs:        2,236,950,322  ( 2,236,640,942 rd   +       309,380 wr)
==11020== LL misses:         73,086,745  (    72,777,777 rd   +       308,968 wr)
==11020== LL miss rate:             0.0% (           0.0%     +           0.0%  )
